TN:
SF:src/app/layout.tsx
FNF:0
FNH:0
LF:0
LH:0
BRF:0
BRH:0
end_of_record
TN:
SF:src/app/page.tsx
FNF:0
FNH:0
LF:0
LH:0
BRF:0
BRH:0
end_of_record
TN:
SF:src/app/_components/Container.tsx
FNF:0
FNH:0
LF:0
LH:0
BRF:0
BRH:0
end_of_record
TN:
SF:src/app/_components/Footer.tsx
FN:4,(anonymous_0)
FNF:1
FNH:0
FNDA:0,(anonymous_0)
DA:4,1
DA:5,0
LF:2
LH:1
BRF:0
BRH:0
end_of_record
TN:
SF:src/app/_components/GuestHeader.tsx
FNF:0
FNH:0
LF:0
LH:0
BRF:0
BRH:0
end_of_record
TN:
SF:src/app/_components/Loading.tsx
FN:3,(anonymous_0)
FNF:1
FNH:1
FNDA:10,(anonymous_0)
DA:3,3
DA:4,10
LF:2
LH:2
BRF:0
BRH:0
end_of_record
TN:
SF:src/app/_components/Sidebar.tsx
FN:7,(anonymous_0)
FNF:1
FNH:1
FNDA:4,(anonymous_0)
DA:7,2
DA:8,4
DA:9,4
LF:3
LH:3
BRDA:12,0,0,2
BRDA:12,0,1,2
BRDA:15,1,0,2
BRDA:15,1,1,2
BRF:4
BRH:4
end_of_record
TN:
SF:src/app/_components/UserHeader.tsx
FN:10,(anonymous_0)
FNF:1
FNH:1
FNDA:10,(anonymous_0)
DA:10,3
DA:11,10
DA:13,10
DA:14,10
DA:17,0
LF:5
LH:4
BRDA:13,0,0,10
BRDA:13,0,1,0
BRF:2
BRH:1
end_of_record
TN:
SF:src/app/_components/UserInfo.tsx
FN:3,(anonymous_0)
FNF:1
FNH:1
FNDA:4,(anonymous_0)
DA:3,2
DA:4,4
LF:2
LH:2
BRF:0
BRH:0
end_of_record
TN:
SF:src/app/auth/context/AuthContext.tsx
FN:32,(anonymous_0)
FN:41,(anonymous_1)
FN:47,(anonymous_2)
FN:73,(anonymous_3)
FN:85,(anonymous_4)
FN:98,(anonymous_5)
FN:107,(anonymous_6)
FNF:7
FNH:4
FNDA:32,(anonymous_0)
FNDA:0,(anonymous_1)
FNDA:14,(anonymous_2)
FNDA:0,(anonymous_3)
FNDA:14,(anonymous_4)
FNDA:0,(anonymous_5)
FNDA:18,(anonymous_6)
DA:30,9
DA:32,9
DA:35,32
DA:37,32
DA:38,32
DA:40,32
DA:42,0
DA:43,0
DA:47,32
DA:48,14
DA:49,14
DA:50,0
DA:51,0
DA:52,0
DA:55,14
DA:56,14
DA:57,0
DA:61,32
DA:66,32
DA:71,32
DA:73,32
DA:74,0
DA:75,0
DA:77,0
DA:78,0
DA:79,0
DA:80,0
DA:81,0
DA:85,32
DA:86,14
DA:87,0
DA:94,0
DA:98,32
DA:99,0
DA:100,0
DA:101,0
DA:104,32
DA:107,9
DA:108,18
DA:109,18
LF:40
LH:22
BRDA:49,0,0,0
BRDA:49,0,1,14
BRDA:56,1,0,0
BRDA:56,1,1,14
BRDA:67,2,0,32
BRDA:67,2,1,32
BRDA:77,3,0,0
BRDA:77,3,1,0
BRDA:86,4,0,0
BRDA:86,4,1,14
BRF:10
BRH:5
end_of_record
TN:
SF:src/app/auth/create-account/page.tsx
FNF:0
FNH:0
LF:0
LH:0
BRF:0
BRH:0
end_of_record
TN:
SF:src/app/auth/create-account/_components/FifthStep.tsx
FN:4,(anonymous_0)
FNF:1
FNH:0
FNDA:0,(anonymous_0)
DA:4,1
DA:5,0
LF:2
LH:1
BRF:0
BRH:0
end_of_record
TN:
SF:src/app/auth/create-account/_components/ImageUpload.tsx
FN:8,(anonymous_0)
FNF:1
FNH:0
FNDA:0,(anonymous_0)
DA:8,1
DA:9,0
LF:2
LH:1
BRF:0
BRH:0
end_of_record
TN:
SF:src/app/auth/create-account/_components/StepFourthCart.tsx
FN:4,(anonymous_0)
FN:8,(anonymous_1)
FNF:2
FNH:0
FNDA:0,(anonymous_0)
FNDA:0,(anonymous_1)
DA:4,1
DA:5,0
DA:8,0
LF:3
LH:1
BRF:0
BRH:0
end_of_record
TN:
SF:src/app/auth/create-account/_components/ThirdStep.tsx
FN:20,(anonymous_0)
FN:32,onSubmit
FN:47,(anonymous_2)
FN:60,(anonymous_3)
FN:73,(anonymous_4)
FN:86,(anonymous_5)
FN:99,(anonymous_6)
FN:110,(anonymous_7)
FNF:8
FNH:0
FNDA:0,(anonymous_0)
FNDA:0,onSubmit
FNDA:0,(anonymous_2)
FNDA:0,(anonymous_3)
FNDA:0,(anonymous_4)
FNDA:0,(anonymous_5)
FNDA:0,(anonymous_6)
FNDA:0,(anonymous_7)
DA:9,1
DA:20,1
DA:21,0
DA:33,0
DA:34,0
DA:36,0
DA:48,0
DA:61,0
DA:74,0
DA:87,0
DA:100,0
DA:110,0
LF:12
LH:2
BRF:0
BRH:0
end_of_record
TN:
SF:src/app/auth/create-account/_feature/CreateAccountSteps.tsx
FN:13,(anonymous_0)
FN:30,(anonymous_1)
FN:31,(anonymous_2)
FN:35,(anonymous_3)
FNF:4
FNH:1
FNDA:2,(anonymous_0)
FNDA:0,(anonymous_1)
FNDA:0,(anonymous_2)
FNDA:0,(anonymous_3)
DA:13,1
DA:14,2
DA:15,2
DA:17,2
DA:28,2
DA:30,2
DA:31,0
DA:35,2
DA:37,0
DA:39,0
DA:60,2
LF:11
LH:8
BRDA:37,0,0,0
BRDA:37,0,1,0
BRF:2
BRH:0
end_of_record
TN:
SF:src/app/auth/create-account/_feature/FirstStep.tsx
FN:6,(anonymous_0)
FN:12,(anonymous_1)
FN:30,(anonymous_2)
FNF:3
FNH:1
FNDA:2,(anonymous_0)
FNDA:0,(anonymous_1)
FNDA:0,(anonymous_2)
DA:6,1
DA:7,2
DA:8,2
DA:12,2
DA:13,0
DA:14,0
DA:16,0
DA:17,0
DA:18,0
DA:22,2
DA:30,0
LF:11
LH:5
BRDA:13,0,0,0
BRDA:13,0,1,0
BRDA:31,1,0,0
BRDA:31,1,1,2
BRDA:42,2,0,2
BRDA:42,2,1,0
BRF:6
BRH:2
end_of_record
TN:
SF:src/app/auth/create-account/_feature/FourthStep.tsx
FN:11,(anonymous_0)
FN:22,(anonymous_1)
FN:40,(anonymous_2)
FN:53,(anonymous_3)
FN:68,(anonymous_4)
FN:84,(anonymous_5)
FNF:6
FNH:0
FNDA:0,(anonymous_0)
FNDA:0,(anonymous_1)
FNDA:0,(anonymous_2)
FNDA:0,(anonymous_3)
FNDA:0,(anonymous_4)
FNDA:0,(anonymous_5)
DA:11,1
DA:12,0
DA:13,0
DA:14,0
DA:16,0
DA:18,0
DA:19,0
DA:22,0
DA:23,0
DA:24,0
DA:25,0
DA:27,0
DA:30,0
DA:33,0
DA:36,0
DA:40,0
DA:41,0
DA:42,0
DA:44,0
DA:45,0
DA:46,0
DA:47,0
DA:50,0
DA:53,0
DA:54,0
DA:55,0
DA:56,0
DA:58,0
DA:69,0
DA:70,0
DA:72,0
DA:84,0
LF:32
LH:1
BRDA:18,0,0,0
BRDA:18,0,1,0
BRDA:23,1,0,0
BRDA:23,1,1,0
BRDA:33,2,0,0
BRDA:33,2,1,0
BRDA:46,3,0,0
BRDA:46,3,1,0
BRDA:69,4,0,0
BRDA:69,4,1,0
BRDA:75,5,0,0
BRDA:75,5,1,0
BRF:12
BRH:0
end_of_record
TN:
SF:src/app/auth/create-account/_feature/SecondStep.tsx
FN:12,(anonymous_0)
FN:17,(anonymous_1)
FN:53,(anonymous_2)
FN:72,(anonymous_3)
FNF:4
FNH:0
FNDA:0,(anonymous_0)
FNDA:0,(anonymous_1)
FNDA:0,(anonymous_2)
FNDA:0,(anonymous_3)
DA:12,1
DA:13,0
DA:14,0
DA:15,0
DA:17,0
DA:18,0
DA:19,0
DA:20,0
DA:22,0
DA:23,0
DA:24,0
DA:26,0
DA:30,0
DA:54,0
DA:55,0
DA:56,0
DA:72,0
LF:17
LH:1
BRDA:18,0,0,0
BRDA:18,0,1,0
BRDA:44,1,0,0
BRDA:44,1,1,0
BRDA:45,2,0,0
BRDA:45,2,1,0
BRDA:63,3,0,0
BRDA:63,3,1,0
BRF:8
BRH:0
end_of_record
TN:
SF:src/app/auth/forget-password/page.tsx
FNF:0
FNH:0
LF:0
LH:0
BRF:0
BRH:0
end_of_record
TN:
SF:src/app/auth/forget-password/_components/PasswordSchema.tsx
FN:8,(anonymous_0)
FNF:1
FNH:0
FNDA:0,(anonymous_0)
DA:3,1
DA:8,0
LF:2
LH:1
BRF:0
BRH:0
end_of_record
TN:
SF:src/app/auth/forget-password/_feature/FirstStep.tsx
FN:9,(anonymous_0)
FN:14,(anonymous_1)
FN:21,(anonymous_2)
FN:46,(anonymous_3)
FNF:4
FNH:1
FNDA:2,(anonymous_0)
FNDA:0,(anonymous_1)
FNDA:0,(anonymous_2)
FNDA:0,(anonymous_3)
DA:9,1
DA:10,2
DA:11,2
DA:13,2
DA:15,0
DA:16,0
DA:17,0
DA:21,2
DA:22,0
DA:23,0
DA:24,0
DA:25,0
DA:27,0
DA:28,0
DA:29,0
DA:32,0
DA:33,0
DA:36,2
DA:46,0
LF:19
LH:6
BRDA:23,0,0,0
BRDA:23,0,1,0
BRDA:27,1,0,0
BRDA:27,1,1,0
BRDA:47,2,0,2
BRDA:47,2,1,0
BRDA:54,3,0,0
BRDA:54,3,1,2
BRF:8
BRH:2
end_of_record
TN:
SF:src/app/auth/forget-password/_feature/ForgetPasswordSteps.tsx
FN:14,(anonymous_0)
FNF:1
FNH:1
FNDA:2,(anonymous_0)
DA:14,1
DA:15,2
DA:16,2
DA:17,2
LF:4
LH:4
BRDA:21,0,0,2
BRDA:21,0,1,2
BRDA:22,1,0,2
BRDA:22,1,1,0
BRDA:23,2,0,2
BRDA:23,2,1,0
BRF:6
BRH:4
end_of_record
TN:
SF:src/app/auth/forget-password/_feature/SecondStep.tsx
FN:11,(anonymous_0)
FN:21,(anonymous_1)
FN:23,(anonymous_2)
FN:24,(anonymous_3)
FN:26,(anonymous_4)
FN:30,(anonymous_5)
FN:34,(anonymous_6)
FN:35,(anonymous_7)
FN:44,(anonymous_8)
FN:53,(anonymous_9)
FNF:10
FNH:0
FNDA:0,(anonymous_0)
FNDA:0,(anonymous_1)
FNDA:0,(anonymous_2)
FNDA:0,(anonymous_3)
FNDA:0,(anonymous_4)
FNDA:0,(anonymous_5)
FNDA:0,(anonymous_6)
FNDA:0,(anonymous_7)
FNDA:0,(anonymous_8)
FNDA:0,(anonymous_9)
DA:11,1
DA:12,0
DA:13,0
DA:14,0
DA:15,0
DA:17,0
DA:18,0
DA:19,0
DA:21,0
DA:22,0
DA:23,0
DA:24,0
DA:26,0
DA:30,0
DA:31,0
DA:34,0
DA:35,0
DA:36,0
DA:38,0
DA:39,0
DA:40,0
DA:42,0
DA:43,0
DA:44,0
DA:48,0
DA:49,0
DA:53,0
DA:54,0
DA:55,0
DA:57,0
DA:58,0
DA:61,0
LF:32
LH:1
BRDA:22,0,0,0
BRDA:22,0,1,0
BRDA:38,1,0,0
BRDA:38,1,1,0
BRDA:48,2,0,0
BRDA:48,2,1,0
BRDA:80,3,0,0
BRDA:80,3,1,0
BRDA:82,4,0,0
BRDA:82,4,1,0
BRDA:83,5,0,0
BRDA:83,5,1,0
BRDA:86,6,0,0
BRDA:86,6,1,0
BRF:14
BRH:0
end_of_record
TN:
SF:src/app/auth/forget-password/_feature/ThirdStep.tsx
FN:14,(anonymous_0)
FN:17,(anonymous_1)
FN:31,(anonymous_2)
FN:51,(anonymous_3)
FN:64,(anonymous_4)
FNF:5
FNH:0
FNDA:0,(anonymous_0)
FNDA:0,(anonymous_1)
FNDA:0,(anonymous_2)
FNDA:0,(anonymous_3)
FNDA:0,(anonymous_4)
DA:14,1
DA:15,0
DA:16,0
DA:18,0
DA:19,0
DA:23,0
DA:31,0
DA:32,0
DA:33,0
DA:36,0
DA:52,0
DA:65,0
LF:12
LH:1
BRDA:75,0,0,0
BRDA:75,0,1,0
BRF:2
BRH:0
end_of_record
TN:
SF:src/app/auth/sign-in/page.tsx
FN:18,(anonymous_0)
FN:29,(anonymous_1)
FN:47,(anonymous_2)
FN:61,(anonymous_3)
FNF:4
FNH:3
FNDA:4,(anonymous_0)
FNDA:0,(anonymous_1)
FNDA:4,(anonymous_2)
FNDA:4,(anonymous_3)
DA:13,1
DA:18,1
DA:19,4
DA:21,4
DA:29,4
DA:30,0
DA:33,4
DA:48,4
DA:62,4
LF:9
LH:8
BRDA:78,0,0,0
BRDA:78,0,1,4
BRF:2
BRH:1
end_of_record
TN:
SF:src/app/auth/sign-up/page.tsx
FNF:0
FNH:0
LF:0
LH:0
BRF:0
BRH:0
end_of_record
TN:
SF:src/app/auth/sign-up/_feature/FirstStep.tsx
FN:16,(anonymous_0)
FN:26,(anonymous_1)
FN:38,(anonymous_2)
FNF:3
FNH:2
FNDA:2,(anonymous_0)
FNDA:0,(anonymous_1)
FNDA:2,(anonymous_2)
DA:12,1
DA:16,1
DA:17,2
DA:19,2
DA:26,2
DA:27,0
DA:28,0
DA:29,0
DA:32,2
DA:39,2
LF:10
LH:7
BRDA:52,0,0,0
BRDA:52,0,1,2
BRF:2
BRH:1
end_of_record
TN:
SF:src/app/auth/sign-up/_feature/InputOtp.tsx
FN:17,(anonymous_0)
FN:20,(anonymous_1)
FN:29,(anonymous_2)
FNF:3
FNH:0
FNDA:0,(anonymous_0)
FNDA:0,(anonymous_1)
FNDA:0,(anonymous_2)
DA:17,1
DA:18,0
DA:20,0
DA:21,0
DA:24,0
DA:30,0
LF:6
LH:1
BRDA:27,0,0,0
BRDA:27,0,1,0
BRDA:35,1,0,0
BRDA:35,1,1,0
BRDA:36,2,0,0
BRDA:36,2,1,0
BRDA:37,3,0,0
BRDA:37,3,1,0
BRF:8
BRH:0
end_of_record
TN:
SF:src/app/auth/sign-up/_feature/SecondStep.tsx
FN:13,(anonymous_0)
FN:21,(anonymous_1)
FN:23,(anonymous_2)
FN:24,(anonymous_3)
FN:26,(anonymous_4)
FN:30,(anonymous_5)
FN:36,(anonymous_6)
FN:38,(anonymous_7)
FN:49,(anonymous_8)
FN:51,(anonymous_9)
FNF:10
FNH:0
FNDA:0,(anonymous_0)
FNDA:0,(anonymous_1)
FNDA:0,(anonymous_2)
FNDA:0,(anonymous_3)
FNDA:0,(anonymous_4)
FNDA:0,(anonymous_5)
FNDA:0,(anonymous_6)
FNDA:0,(anonymous_7)
FNDA:0,(anonymous_8)
FNDA:0,(anonymous_9)
DA:11,1
DA:13,1
DA:14,0
DA:15,0
DA:16,0
DA:17,0
DA:18,0
DA:19,0
DA:21,0
DA:22,0
DA:23,0
DA:24,0
DA:26,0
DA:30,0
DA:31,0
DA:32,0
DA:36,0
DA:37,0
DA:38,0
DA:39,0
DA:40,0
DA:41,0
DA:43,0
DA:49,0
DA:50,0
DA:51,0
DA:52,0
DA:53,0
DA:54,0
DA:58,0
LF:30
LH:2
BRDA:22,0,0,0
BRDA:22,0,1,0
BRDA:22,1,0,0
BRDA:22,1,1,0
BRDA:31,2,0,0
BRDA:31,2,1,0
BRDA:31,3,0,0
BRDA:31,3,1,0
BRDA:37,4,0,0
BRDA:37,4,1,0
BRDA:40,5,0,0
BRDA:40,5,1,0
BRDA:70,6,0,0
BRDA:70,6,1,0
BRDA:70,6,2,0
BRDA:73,7,0,0
BRDA:73,7,1,0
BRF:17
BRH:0
end_of_record
TN:
SF:src/app/auth/sign-up/_feature/SignUpSteps.tsx
FN:15,(anonymous_0)
FNF:1
FNH:1
FNDA:2,(anonymous_0)
DA:15,1
DA:16,2
DA:17,2
DA:18,2
LF:4
LH:4
BRDA:24,0,0,2
BRDA:24,0,1,2
BRDA:25,1,0,2
BRDA:25,1,1,0
BRDA:26,2,0,2
BRDA:26,2,1,0
BRF:6
BRH:4
end_of_record
TN:
SF:src/app/auth/sign-up/_feature/ThirdStep.tsx
FN:21,(anonymous_0)
FN:26,(anonymous_1)
FN:39,(anonymous_2)
FN:55,(anonymous_3)
FN:68,(anonymous_4)
FNF:5
FNH:0
FNDA:0,(anonymous_0)
FNDA:0,(anonymous_1)
FNDA:0,(anonymous_2)
FNDA:0,(anonymous_3)
FNDA:0,(anonymous_4)
DA:12,1
DA:21,0
DA:26,1
DA:27,0
DA:28,0
DA:30,0
DA:39,0
DA:40,0
DA:41,0
DA:44,0
DA:56,0
DA:69,0
LF:12
LH:2
BRDA:79,0,0,0
BRDA:79,0,1,0
BRF:2
BRH:0
end_of_record
TN:
SF:src/app/edit-profile/layout.tsx
FN:10,(anonymous_0)
FNF:1
FNH:1
FNDA:4,(anonymous_0)
DA:10,2
DA:14,4
LF:2
LH:2
BRF:0
BRH:0
end_of_record
TN:
SF:src/app/edit-profile/profile/page.tsx
FNF:0
FNH:0
LF:0
LH:0
BRF:0
BRH:0
end_of_record
TN:
SF:src/app/edit-profile/profile-image/page.tsx
FNF:0
FNH:0
LF:0
LH:0
BRF:0
BRH:0
end_of_record
TN:
SF:src/app/edit-profile/profile/_feature/ProfileBioField.tsx
FN:10,(anonymous_0)
FN:14,(anonymous_1)
FNF:2
FNH:2
FNDA:4,(anonymous_0)
FNDA:4,(anonymous_1)
DA:10,1
DA:11,4
DA:15,4
LF:3
LH:3
BRF:0
BRH:0
end_of_record
TN:
SF:src/app/edit-profile/profile/_feature/ProfileDobField.tsx
FN:16,(anonymous_0)
FN:20,(anonymous_1)
FN:33,(anonymous_2)
FNF:3
FNH:2
FNDA:4,(anonymous_0)
FNDA:4,(anonymous_1)
FNDA:0,(anonymous_2)
DA:16,1
DA:17,4
DA:21,4
DA:33,0
LF:4
LH:3
BRDA:26,0,0,4
BRDA:26,0,1,4
BRDA:27,1,0,0
BRDA:27,1,1,4
BRDA:33,2,0,0
BRDA:33,2,1,0
BRF:6
BRH:3
end_of_record
TN:
SF:src/app/edit-profile/profile/_feature/ProfileForm.tsx
FN:37,(anonymous_0)
FN:40,(anonymous_1)
FN:59,(anonymous_2)
FN:74,onSubmit
FNF:4
FNH:2
FNDA:4,(anonymous_0)
FNDA:0,(anonymous_1)
FNDA:2,(anonymous_2)
FNDA:0,onSubmit
DA:18,1
DA:37,1
DA:38,4
DA:39,4
DA:41,0
DA:45,4
DA:58,4
DA:59,4
DA:60,2
DA:61,0
DA:62,0
DA:75,0
DA:77,0
DA:94,4
LF:14
LH:9
BRDA:60,0,0,0
BRDA:60,0,1,2
BRDA:106,1,0,0
BRDA:106,1,1,4
BRF:4
BRH:2
end_of_record
TN:
SF:src/app/edit-profile/profile/_feature/ProfileGenderField.tsx
FN:10,(anonymous_0)
FN:14,(anonymous_1)
FN:24,(anonymous_2)
FNF:3
FNH:2
FNDA:4,(anonymous_0)
FNDA:4,(anonymous_1)
FNDA:0,(anonymous_2)
DA:10,1
DA:11,4
DA:15,4
DA:24,0
LF:4
LH:3
BRF:0
BRH:0
end_of_record
TN:
SF:src/app/edit-profile/profile/_feature/ProfileInterest.tsx
FN:8,(anonymous_0)
FN:36,(anonymous_1)
FN:39,(anonymous_2)
FN:42,(anonymous_3)
FN:54,(anonymous_4)
FN:61,(anonymous_5)
FNF:6
FNH:3
FNDA:4,(anonymous_0)
FNDA:4,(anonymous_1)
FNDA:0,(anonymous_2)
FNDA:0,(anonymous_3)
FNDA:80,(anonymous_4)
FNDA:0,(anonymous_5)
DA:8,1
DA:9,4
DA:32,4
DA:37,4
DA:39,4
DA:41,0
DA:42,0
DA:44,0
DA:46,0
DA:49,4
DA:55,80
DA:57,80
DA:61,0
LF:13
LH:8
BRDA:41,0,0,0
BRDA:41,0,1,0
BRDA:65,1,0,0
BRDA:65,1,1,80
BRF:4
BRH:1
end_of_record
TN:
SF:src/app/edit-profile/profile/_feature/ProfileNameEmailFields.tsx
FN:8,(anonymous_0)
FN:13,(anonymous_1)
FN:26,(anonymous_2)
FNF:3
FNH:3
FNDA:4,(anonymous_0)
FNDA:4,(anonymous_1)
FNDA:4,(anonymous_2)
DA:8,1
DA:9,4
DA:14,4
DA:27,4
LF:4
LH:4
BRF:0
BRH:0
end_of_record
TN:
SF:src/app/edit-profile/profile/_feature/ProfileProfessionField.tsx
FN:10,(anonymous_0)
FN:14,(anonymous_1)
FNF:2
FNH:2
FNDA:4,(anonymous_0)
FNDA:4,(anonymous_1)
DA:10,1
DA:11,4
DA:15,4
LF:3
LH:3
BRF:0
BRH:0
end_of_record
TN:
SF:src/app/edit-profile/profile/_feature/ProfileSchoolField.tsx
FN:10,(anonymous_0)
FN:14,(anonymous_1)
FNF:2
FNH:2
FNDA:4,(anonymous_0)
FNDA:4,(anonymous_1)
DA:10,1
DA:11,4
DA:15,4
LF:3
LH:3
BRF:0
BRH:0
end_of_record
TN:
SF:src/app/edit-profile/profile/_feature/index.ts
FNF:0
FNH:0
LF:0
LH:0
BRF:0
BRH:0
end_of_record
TN:
SF:src/app/swipe-page/page.tsx
FN:6,(anonymous_0)
FNF:1
FNH:1
FNDA:2,(anonymous_0)
DA:6,1
DA:7,2
LF:2
LH:2
BRF:0
BRH:0
end_of_record
TN:
SF:src/app/swipe-page/_feature/ProfileCard.tsx
FN:16,(anonymous_0)
FN:21,(anonymous_1)
FNF:2
FNH:0
FNDA:0,(anonymous_0)
FNDA:0,(anonymous_1)
DA:16,1
DA:17,0
DA:22,0
LF:3
LH:1
BRDA:22,0,0,0
BRDA:22,0,1,0
BRDA:25,1,0,0
BRDA:25,1,1,0
BRDA:38,2,0,0
BRDA:38,2,1,0
BRF:6
BRH:0
end_of_record
TN:
SF:src/app/swipe-page/_feature/Swipe.tsx
FNF:0
FNH:0
LF:0
LH:0
BRF:0
BRH:0
end_of_record
TN:
SF:src/app/swipe-page/_feature/SwipeButtons.tsx
FN:10,(anonymous_0)
FNF:1
FNH:0
FNDA:0,(anonymous_0)
DA:10,1
DA:11,0
LF:2
LH:1
BRF:0
BRH:0
end_of_record
TN:
SF:src/app/swipe-page/_feature/SwipeFeature.tsx
FN:10,(anonymous_0)
FN:23,(anonymous_1)
FN:26,(anonymous_2)
FN:29,(anonymous_3)
FN:33,(anonymous_4)
FN:35,(anonymous_5)
FN:39,(anonymous_6)
FN:41,(anonymous_7)
FN:52,(anonymous_8)
FN:73,(anonymous_9)
FN:73,(anonymous_10)
FNF:11
FNH:1
FNDA:2,(anonymous_0)
FNDA:0,(anonymous_1)
FNDA:0,(anonymous_2)
FNDA:0,(anonymous_3)
FNDA:0,(anonymous_4)
FNDA:0,(anonymous_5)
FNDA:0,(anonymous_6)
FNDA:0,(anonymous_7)
FNDA:0,(anonymous_8)
FNDA:0,(anonymous_9)
FNDA:0,(anonymous_10)
DA:10,1
DA:11,2
DA:12,2
DA:14,2
DA:15,2
DA:16,2
DA:17,2
DA:19,2
DA:21,2
DA:23,0
DA:24,0
DA:25,0
DA:26,0
DA:27,0
DA:28,0
DA:29,0
DA:33,0
DA:34,0
DA:35,0
DA:39,0
DA:40,0
DA:41,0
DA:45,0
DA:46,0
DA:49,0
DA:52,0
DA:61,0
DA:73,0
LF:28
LH:9
BRDA:21,0,0,2
BRDA:21,0,1,0
BRDA:25,1,0,0
BRDA:25,1,1,0
BRDA:34,2,0,0
BRDA:34,2,1,0
BRDA:34,3,0,0
BRDA:34,3,1,0
BRDA:40,4,0,0
BRDA:40,4,1,0
BRDA:45,5,0,0
BRDA:45,5,1,0
BRDA:53,6,0,0
BRDA:53,6,1,0
BRDA:56,7,0,0
BRDA:56,7,1,0
BRDA:72,8,0,0
BRDA:72,8,1,0
BRF:18
BRH:1
end_of_record
TN:
SF:src/app/utils/calculate-age.ts
FN:1,calculateAge
FN:9,getApproxDOBFromAge
FNF:2
FNH:0
FNDA:0,calculateAge
FNDA:0,getApproxDOBFromAge
DA:2,0
DA:4,0
DA:5,0
DA:6,0
DA:10,0
DA:11,0
LF:6
LH:0
BRDA:2,0,0,0
BRDA:2,0,1,0
BRF:2
BRH:0
end_of_record
TN:
SF:src/app/utils/types.ts
FNF:0
FNH:0
LF:0
LH:0
BRF:0
BRH:0
end_of_record
TN:
SF:src/app/utils/upload-to-cloudinary.ts
FN:2,(anonymous_0)
FN:18,(anonymous_1)
FN:41,(anonymous_2)
FNF:3
FNH:0
FNDA:0,(anonymous_0)
FNDA:0,(anonymous_1)
FNDA:0,(anonymous_2)
DA:2,1
DA:3,0
DA:4,0
DA:5,0
DA:8,0
DA:9,0
DA:11,0
DA:12,0
DA:13,0
DA:18,0
DA:19,0
DA:20,0
DA:21,0
DA:22,0
DA:24,0
DA:25,0
DA:30,0
DA:33,0
DA:35,0
DA:36,0
DA:40,0
DA:41,0
DA:43,0
LF:23
LH:1
BRDA:3,0,0,0
BRDA:3,0,1,0
BRDA:3,1,0,0
BRDA:3,1,1,0
BRDA:11,2,0,0
BRDA:11,2,1,0
BRDA:11,3,0,0
BRDA:11,3,1,0
BRDA:41,4,0,0
BRDA:41,4,1,0
BRF:10
BRH:0
end_of_record
